<?xml version="1.0" encoding="UTF-8"?>
<!-- Generated by org.testng.reporters.JUnitReportReporter -->
<testsuite hostname="LAPTOP-70DU7D91" failures="0" tests="1" name="redifftest.FrameWork_TC_1" time="9.556" errors="0" timestamp="2021-11-20T12:35:51 IST" skipped="0">
  <testcase classname="redifftest.FrameWork_TC_1" name="f" time="9.556"/>
  <system-out/>
</testsuite> <!-- redifftest.FrameWork_TC_1 -->
